<?xml version="1.0" encoding="UTF-8"?>
<!-- Generated by org.testng.reporters.JUnitReportReporter -->
<testsuite hostname="Raj-Aakula-MacBook-Pro.local" name="organized.chaos.insanity.AppTest" tests="1" failures="0" timestamp="23 Jun 2014 04:48:28 GMT" time="3.030" errors="0">
  <testcase name="verifySearch" time="3.030" classname="organized.chaos.insanity.AppTest"/>
</testsuite> <!-- organized.chaos.insanity.AppTest -->
